0 info it worked if it ends with ok
1 verbose cli [ 'd:\\node7\\node.exe',
1 verbose cli   'd:\\node7\\node_modules\\npm\\bin\\npm-cli.js',
1 verbose cli   'start' ]
2 info using npm@4.1.2
3 info using node@v7.7.3
4 verbose run-script [ 'prestart', 'start', 'poststart' ]
5 info lifecycle demo@1.0.0~prestart: demo@1.0.0
6 silly lifecycle demo@1.0.0~prestart: no script for prestart, continuing
7 info lifecycle demo@1.0.0~start: demo@1.0.0
8 verbose lifecycle demo@1.0.0~start: unsafe-perm in lifecycle true
9 verbose lifecycle demo@1.0.0~start: PATH: d:\node7\node_modules\npm\bin\node-gyp-bin;D:\webpackDemo\node_modules\.bin;C:\WINDOWS\system32;C:\WINDOWS;C:\WINDOWS\System32\Wbem;C:\WINDOWS\System32\WindowsPowerShell\v1.0\;C:\Program Files\TortoiseGit\bin;d:\node7;C:\Program Files\TortoiseSVN\bin;C:\Program Files\Git\cmd;C:\Users\zhang.yanping\AppData\Local\Microsoft\WindowsApps;D:\node7;
10 verbose lifecycle demo@1.0.0~start: CWD: D:\webpackDemo
11 silly lifecycle demo@1.0.0~start: Args: [ '/d /s /c',
11 silly lifecycle   'webpack-dev-server --progress --colors --host 192.168.105.105 --port 8080 --inline --content-base src/' ]
12 silly lifecycle demo@1.0.0~start: Returned: code: 1  signal: null
13 info lifecycle demo@1.0.0~start: Failed to exec start script
14 verbose stack Error: demo@1.0.0 start: `webpack-dev-server --progress --colors --host 192.168.105.105 --port 8080 --inline --content-base src/`
14 verbose stack Exit status 1
14 verbose stack     at EventEmitter.<anonymous> (d:\node7\node_modules\npm\lib\utils\lifecycle.js:279:16)
14 verbose stack     at emitTwo (events.js:106:13)
14 verbose stack     at EventEmitter.emit (events.js:194:7)
14 verbose stack     at ChildProcess.<anonymous> (d:\node7\node_modules\npm\lib\utils\spawn.js:40:14)
14 verbose stack     at emitTwo (events.js:106:13)
14 verbose stack     at ChildProcess.emit (events.js:194:7)
14 verbose stack     at maybeClose (internal/child_process.js:899:16)
14 verbose stack     at Process.ChildProcess._handle.onexit (internal/child_process.js:226:5)
15 verbose pkgid demo@1.0.0
16 verbose cwd D:\webpackDemo
17 error Windows_NT 10.0.14393
18 error argv "d:\\node7\\node.exe" "d:\\node7\\node_modules\\npm\\bin\\npm-cli.js" "start"
19 error node v7.7.3
20 error npm  v4.1.2
21 error code ELIFECYCLE
22 error demo@1.0.0 start: `webpack-dev-server --progress --colors --host 192.168.105.105 --port 8080 --inline --content-base src/`
22 error Exit status 1
23 error Failed at the demo@1.0.0 start script 'webpack-dev-server --progress --colors --host 192.168.105.105 --port 8080 --inline --content-base src/'.
23 error Make sure you have the latest version of node.js and npm installed.
23 error If you do, this is most likely a problem with the demo package,
23 error not with npm itself.
23 error Tell the author that this fails on your system:
23 error     webpack-dev-server --progress --colors --host 192.168.105.105 --port 8080 --inline --content-base src/
23 error You can get information on how to open an issue for this project with:
23 error     npm bugs demo
23 error Or if that isn't available, you can get their info via:
23 error     npm owner ls demo
23 error There is likely additional logging output above.
24 verbose exit [ 1, true ]
